<?xml version="1.0" encoding="UTF-8"?>
<!-- Generated by org.testng.reporters.JUnitReportReporter -->
<testsuite hostname="WKWIN3778446" name="testng.NewTest" tests="1" failures="0" timestamp="23 Jul 2019 18:16:51 GMT" time="5.884" errors="0">
  <testcase name="testEasy" time="5.884" classname="testng.NewTest"/>
</testsuite> <!-- testng.NewTest -->
