<?xml version="1.0" encoding="UTF-8"?>
<!-- Generated by org.testng.reporters.JUnitReportReporter -->
<testsuite hostname="WKWIN3778446" name="testng.NewTest" tests="1" failures="0" timestamp="23 Jul 2019 18:08:12 GMT" time="6.525" errors="0">
  <testcase name="testEasy" time="6.525" classname="testng.NewTest"/>
</testsuite> <!-- testng.NewTest -->
